<?xml version="1.0" encoding="UTF-8"?>
<testng-results ignored="0" total="3" passed="3" failed="0" skipped="0">
  <reporter-output>
  </reporter-output>
  <suite started-at="2024-06-21T16:11:20 IST" name="Default suite" finished-at="2024-06-21T16:12:24 IST" duration-ms="64880">
    <groups>
      <group name="cucumber">
        <method signature="AbstractTestNGCucumberTests.runScenario(io.cucumber.testng.PickleWrapper,io.cucumber.testng.FeatureWrapper)[pri:0, instance:RunnerFile.RunnerClassGroupExecution@cc43f62]" name="runScenario" class="io.cucumber.testng.AbstractTestNGCucumberTests"/>
      </group> <!-- cucumber -->
    </groups>
    <test started-at="2024-06-21T16:11:20 IST" name="Default test" finished-at="2024-06-21T16:12:24 IST" duration-ms="64880">
      <class name="RunnerFile.RunnerClassGroupExecution">
        <test-method is-config="true" signature="setUpClass(org.testng.ITestContext)[pri:0, instance:RunnerFile.RunnerClassGroupExecution@cc43f62]" started-at="2024-06-21T16:11:20 IST" name="setUpClass" finished-at="2024-06-21T16:11:20 IST" duration-ms="157" status="PASS">
          <params>
            <param index="0">
              <value>
                <![CDATA[org.testng.TestRunner@36fc05ff]]>
              </value>
            </param>
          </params>
          <reporter-output>
          </reporter-output>
        </test-method> <!-- setUpClass -->
        <test-method signature="runScenario(io.cucumber.testng.PickleWrapper,io.cucumber.testng.FeatureWrapper)[pri:0, instance:RunnerFile.RunnerClassGroupExecution@cc43f62]" started-at="2024-06-21T16:11:20 IST" name="runScenario" description="Runs Cucumber Scenarios" data-provider="scenarios" finished-at="2024-06-21T16:11:44 IST" duration-ms="23779" status="PASS">
          <params>
            <param index="0">
              <value>
                <![CDATA["verify the home page is visible or not"]]>
              </value>
            </param>
            <param index="1">
              <value>
                <![CDATA["Home page"]]>
              </value>
            </param>
          </params>
          <reporter-output>
          </reporter-output>
        </test-method> <!-- runScenario -->
        <test-method signature="runScenario(io.cucumber.testng.PickleWrapper,io.cucumber.testng.FeatureWrapper)[pri:0, instance:RunnerFile.RunnerClassGroupExecution@cc43f62]" started-at="2024-06-21T16:11:44 IST" name="runScenario" description="Runs Cucumber Scenarios" data-provider="scenarios" finished-at="2024-06-21T16:12:03 IST" duration-ms="19463" status="PASS">
          <params>
            <param index="0">
              <value>
                <![CDATA["verify user is able to click on Admin option"]]>
              </value>
            </param>
            <param index="1">
              <value>
                <![CDATA["Home page"]]>
              </value>
            </param>
          </params>
          <reporter-output>
          </reporter-output>
        </test-method> <!-- runScenario -->
        <test-method signature="runScenario(io.cucumber.testng.PickleWrapper,io.cucumber.testng.FeatureWrapper)[pri:0, instance:RunnerFile.RunnerClassGroupExecution@cc43f62]" started-at="2024-06-21T16:12:03 IST" name="runScenario" description="Runs Cucumber Scenarios" data-provider="scenarios" finished-at="2024-06-21T16:12:24 IST" duration-ms="21423" status="PASS">
          <params>
            <param index="0">
              <value>
                <![CDATA["verify user is able to click on Pim option"]]>
              </value>
            </param>
            <param index="1">
              <value>
                <![CDATA["Home page"]]>
              </value>
            </param>
          </params>
          <reporter-output>
          </reporter-output>
        </test-method> <!-- runScenario -->
        <test-method is-config="true" signature="tearDownClass()[pri:0, instance:RunnerFile.RunnerClassGroupExecution@cc43f62]" started-at="2024-06-21T16:12:24 IST" name="tearDownClass" finished-at="2024-06-21T16:12:24 IST" duration-ms="5" status="PASS">
          <reporter-output>
          </reporter-output>
        </test-method> <!-- tearDownClass -->
      </class> <!-- RunnerFile.RunnerClassGroupExecution -->
    </test> <!-- Default test -->
  </suite> <!-- Default suite -->
</testng-results>
